Using pre-set license
Built from '2020.3/staging' branch; Version is '2020.3.19f1 (68f137dc9bbe) revision 6877495'; Using compiler version '192528614'; Build Type 'Release'
OS: 'Windows 10 Home; OS build 19043.1288; Version 2009; 64bit' Language: 'en' Physical Memory: 16227 MB
BatchMode: 1, IsHumanControllingUs: 0, StartBugReporterOnCrash: 0, Is64bit: 1, IsPro: 0

COMMAND LINE ARGUMENTS:
C:\Program Files\Unity\Hub\Editor\2020.3.19f1\Editor\Unity.exe
-adb2
-batchMode
-noUpm
-name
AssetImportWorker0
-projectPath
C:/Users/My/Documents/GitHub/PowersOfTen/PowersOfTenMinigameDemo
-logFile
Logs/AssetImportWorker0.log
-srvPort
53023
Successfully changed project path to: C:/Users/My/Documents/GitHub/PowersOfTen/PowersOfTenMinigameDemo
C:/Users/My/Documents/GitHub/PowersOfTen/PowersOfTenMinigameDemo
Using Asset Import Pipeline V2.
Refreshing native plugins compatible for Editor in 69.24 ms, found 2 plugins.
Preloading 0 native plugins for Editor in 0.00 ms.
Initialize engine version: 2020.3.19f1 (68f137dc9bbe)
[Subsystems] Discovering subsystems at path C:/Program Files/Unity/Hub/Editor/2020.3.19f1/Editor/Data/Resources/UnitySubsystems
[Subsystems] Discovering subsystems at path C:/Users/My/Documents/GitHub/PowersOfTen/PowersOfTenMinigameDemo/Assets
GfxDevice: creating device client; threaded=0
Direct3D:
    Version:  Direct3D 11.0 [level 11.1]
    Renderer: NVIDIA GeForce GTX 1070 with Max-Q Design (ID=0x1ba1)
    Vendor:   
    VRAM:     8082 MB
    Driver:   27.21.14.6140
Initialize mono
Mono path[0] = 'C:/Program Files/Unity/Hub/Editor/2020.3.19f1/Editor/Data/Managed'
Mono path[1] = 'C:/Program Files/Unity/Hub/Editor/2020.3.19f1/Editor/Data/MonoBleedingEdge/lib/mono/unityjit'
Mono config path = 'C:/Program Files/Unity/Hub/Editor/2020.3.19f1/Editor/Data/MonoBleedingEdge/etc'
Using monoOptions --debugger-agent=transport=dt_socket,embedding=1,server=y,suspend=n,address=127.0.0.1:56932
Begin MonoManager ReloadAssembly
Registering precompiled unity dll's ...
Register platform support module: C:/Program Files/Unity/Hub/Editor/2020.3.19f1/Editor/Data/PlaybackEngines/WebGLSupport/UnityEditor.WebGL.Extensions.dll
Register platform support module: C:/Program Files/Unity/Hub/Editor/2020.3.19f1/Editor/Data/PlaybackEngines/WindowsStandaloneSupport/UnityEditor.WindowsStandalone.Extensions.dll
Registered in 0.002275 seconds.
Native extension for WindowsStandalone target not found
Native extension for WebGL target not found
Refreshing native plugins compatible for Editor in 56.27 ms, found 2 plugins.
Preloading 0 native plugins for Editor in 0.00 ms.
Mono: successfully reloaded assembly
- Completed reload, in  1.875 seconds
Domain Reload Profiling:
	ReloadAssembly (1876ms)
		BeginReloadAssembly (52ms)
			ExecutionOrderSort (0ms)
			DisableScriptedObjects (0ms)
			BackupInstance (0ms)
			ReleaseScriptingObjects (0ms)
			CreateAndSetChildDomain (1ms)
		EndReloadAssembly (422ms)
			LoadAssemblies (51ms)
			RebuildTransferFunctionScriptingTraits (0ms)
			SetupTypeCache (150ms)
			ReleaseScriptCaches (0ms)
			RebuildScriptCaches (30ms)
			SetupLoadedEditorAssemblies (175ms)
				LogAssemblyErrors (0ms)
				InitializePlatformSupportModulesInManaged (4ms)
				SetLoadedEditorAssemblies (0ms)
				RefreshPlugins (56ms)
				BeforeProcessingInitializeOnLoad (15ms)
				ProcessInitializeOnLoadAttributes (73ms)
				ProcessInitializeOnLoadMethodAttributes (26ms)
				AfterProcessingInitializeOnLoad (0ms)
				EditorAssembliesLoaded (0ms)
			ExecutionOrderSort2 (0ms)
			AwakeInstancesAfterBackupRestoration (0ms)
Platform modules already initialized, skipping
Registering precompiled user dll's ...
Registered in 0.004403 seconds.
Begin MonoManager ReloadAssembly
Native extension for WindowsStandalone target not found
Native extension for WebGL target not found
Refreshing native plugins compatible for Editor in 0.66 ms, found 2 plugins.
Preloading 0 native plugins for Editor in 0.00 ms.
Mono: successfully reloaded assembly
- Completed reload, in  1.070 seconds
Domain Reload Profiling:
	ReloadAssembly (1070ms)
		BeginReloadAssembly (134ms)
			ExecutionOrderSort (0ms)
			DisableScriptedObjects (4ms)
			BackupInstance (0ms)
			ReleaseScriptingObjects (0ms)
			CreateAndSetChildDomain (17ms)
		EndReloadAssembly (877ms)
			LoadAssemblies (88ms)
			RebuildTransferFunctionScriptingTraits (0ms)
			SetupTypeCache (298ms)
			ReleaseScriptCaches (0ms)
			RebuildScriptCaches (42ms)
			SetupLoadedEditorAssemblies (358ms)
				LogAssemblyErrors (0ms)
				InitializePlatformSupportModulesInManaged (5ms)
				SetLoadedEditorAssemblies (0ms)
				RefreshPlugins (1ms)
				BeforeProcessingInitializeOnLoad (89ms)
				ProcessInitializeOnLoadAttributes (223ms)
				ProcessInitializeOnLoadMethodAttributes (33ms)
				AfterProcessingInitializeOnLoad (6ms)
				EditorAssembliesLoaded (0ms)
			ExecutionOrderSort2 (0ms)
			AwakeInstancesAfterBackupRestoration (6ms)
Platform modules already initialized, skipping
========================================================================
Worker process is ready to serve import requests
Launched and connected shader compiler UnityShaderCompiler.exe after 0.07 seconds
Refreshing native plugins compatible for Editor in 0.65 ms, found 2 plugins.
Preloading 0 native plugins for Editor in 0.00 ms.
Unloading 1981 Unused Serialized files (Serialized files now loaded: 0)
System memory in use before: 83.3 MB.
System memory in use after: 83.4 MB.

Unloading 56 unused Assets to reduce memory usage. Loaded Objects now: 2388.
Total: 6.531900 ms (FindLiveObjects: 0.189200 ms CreateObjectMapping: 0.058800 ms MarkObjects: 6.208100 ms  DeleteObjects: 0.074200 ms)

AssetImportParameters requested are different than current active one (requested -> active):
  custom:framework-win-MediaFoundation: 216162199b28c13a410421893ffa2e32 -> 
  custom:video-decoder-ogg-theora: a1e56fd34408186e4bbccfd4996cb3dc -> 
  custom:container-muxer-webm: aa71ff27fc2769a1b78a27578f13a17b -> 
  custom:container-demuxer-webm: 4f35f7cbe854078d1ac9338744f61a02 -> 
  custom:container-demuxer-ogg: 62fdf1f143b41e24485cea50d1cbac27 -> 
  custom:video-encoder-webm-vp8: eb34c28f22e8b96e1ab97ce403110664 -> 
  custom:video-decoder-webm-vp8: 9c59270c3fd7afecdb556c50c9e8de78 -> 
  custom:audio-decoder-ogg-vorbis: bf7c407c2cedff20999df2af8eb42d56 -> 
  custom:audio-encoder-webm-vorbis: bf7c407c2cedff20999df2af8eb42d56 -> 
========================================================================
Received Import Request.
  path: Assets/prefabs/teapot.prefab
  artifactKey: Guid(05ddb75dd7414694fa6a062a833b3bb8) Importer(815301076,1909f56bfc062723c751e8b465ee728b)
Start importing Assets/prefabs/teapot.prefab using Guid(05ddb75dd7414694fa6a062a833b3bb8) Importer(815301076,1909f56bfc062723c751e8b465ee728b)  -> (artifact id: 'e5469681d7ac07523f0ddf979d97a297') in 0.109261 seconds 
  Import took 0.112868 seconds .

========================================================================
Received Import Request.
  Time since last request: 0.000302 seconds.
  path: Assets/prefabs/donut.prefab
  artifactKey: Guid(a50c103078d64ed49818ecff3cb76fe3) Importer(815301076,1909f56bfc062723c751e8b465ee728b)
Start importing Assets/prefabs/donut.prefab using Guid(a50c103078d64ed49818ecff3cb76fe3) Importer(815301076,1909f56bfc062723c751e8b465ee728b)  -> (artifact id: '09a6067a2a47fb8ff58fa172f2e78f0b') in 0.028856 seconds 
  Import took 0.032130 seconds .

========================================================================
Received Import Request.
  Time since last request: 0.000298 seconds.
  path: Assets/prefabs/croissant.prefab
  artifactKey: Guid(51717dd0e62f8dc4caf9660c7bda3ad9) Importer(815301076,1909f56bfc062723c751e8b465ee728b)
Start importing Assets/prefabs/croissant.prefab using Guid(51717dd0e62f8dc4caf9660c7bda3ad9) Importer(815301076,1909f56bfc062723c751e8b465ee728b)  -> (artifact id: '695852c7ed4f12ca2f439e0d0df0eda2') in 0.020431 seconds 
  Import took 0.023763 seconds .

========================================================================
Received Import Request.
  Time since last request: 0.000277 seconds.
  path: Assets/prefabs/cake.prefab
  artifactKey: Guid(fde1bf8531e80424c9ff1df81297eda3) Importer(815301076,1909f56bfc062723c751e8b465ee728b)
Start importing Assets/prefabs/cake.prefab using Guid(fde1bf8531e80424c9ff1df81297eda3) Importer(815301076,1909f56bfc062723c751e8b465ee728b)  -> (artifact id: '57e1d8873b88b56c3d9af39b429b9060') in 0.044634 seconds 
  Import took 0.048215 seconds .

========================================================================
Received Import Request.
  Time since last request: 0.000275 seconds.
  path: Assets/prefabs/candy.prefab
  artifactKey: Guid(5cbbf939bd57aff4398d3e25044f96d5) Importer(815301076,1909f56bfc062723c751e8b465ee728b)
Start importing Assets/prefabs/candy.prefab using Guid(5cbbf939bd57aff4398d3e25044f96d5) Importer(815301076,1909f56bfc062723c751e8b465ee728b)  -> (artifact id: '95ede44042708466fa8ea02acc427b91') in 0.020426 seconds 
  Import took 0.023739 seconds .

========================================================================
Received Import Request.
  Time since last request: 0.000297 seconds.
  path: Assets/prefabs/iceCream.prefab
  artifactKey: Guid(187ed61c61ece3845b9f5be77ffe9644) Importer(815301076,1909f56bfc062723c751e8b465ee728b)
Start importing Assets/prefabs/iceCream.prefab using Guid(187ed61c61ece3845b9f5be77ffe9644) Importer(815301076,1909f56bfc062723c751e8b465ee728b)  -> (artifact id: 'eab865c7f2b1a2882fe78aec2475fff2') in 0.026548 seconds 
  Import took 0.029602 seconds .

========================================================================
Received Import Request.
  Time since last request: 0.000221 seconds.
  path: Assets/prefabs/teaCup.prefab
  artifactKey: Guid(0874263f430ca784887cfd2f42e890c4) Importer(815301076,1909f56bfc062723c751e8b465ee728b)
Start importing Assets/prefabs/teaCup.prefab using Guid(0874263f430ca784887cfd2f42e890c4) Importer(815301076,1909f56bfc062723c751e8b465ee728b)  -> (artifact id: '0fa58192f6c9fc35fa8c4897ab1ef004') in 0.019546 seconds 
  Import took 0.022658 seconds .

========================================================================
Received Import Request.
  Time since last request: 0.000251 seconds.
  path: Assets/prefabs/cupcake.prefab
  artifactKey: Guid(36d7a923affb1dc44898e0d3b8696f6c) Importer(815301076,1909f56bfc062723c751e8b465ee728b)
Start importing Assets/prefabs/cupcake.prefab using Guid(36d7a923affb1dc44898e0d3b8696f6c) Importer(815301076,1909f56bfc062723c751e8b465ee728b)  -> (artifact id: '69fc4f54bf4822176a03e5f7ace60f36') in 0.037360 seconds 
  Import took 0.041165 seconds .

========================================================================
Received Import Request.
  Time since last request: 0.000262 seconds.
  path: Assets/prefabs/lollipop.prefab
  artifactKey: Guid(9c4e6ae1d6b58184bb6b4a362c531cf1) Importer(815301076,1909f56bfc062723c751e8b465ee728b)
Start importing Assets/prefabs/lollipop.prefab using Guid(9c4e6ae1d6b58184bb6b4a362c531cf1) Importer(815301076,1909f56bfc062723c751e8b465ee728b)  -> (artifact id: 'e12b741584808b343ec0b5998a55c63c') in 0.025923 seconds 
  Import took 0.029569 seconds .

========================================================================
Received Import Request.
  Time since last request: 0.000249 seconds.
  path: Assets/prefabs/3scoops.prefab
  artifactKey: Guid(5f896fa7177ce024aa404aaa4e15ca79) Importer(815301076,1909f56bfc062723c751e8b465ee728b)
Start importing Assets/prefabs/3scoops.prefab using Guid(5f896fa7177ce024aa404aaa4e15ca79) Importer(815301076,1909f56bfc062723c751e8b465ee728b)  -> (artifact id: '6bd9a225bc6f89884d2516e64ae0de8b') in 0.045683 seconds 
  Import took 0.049149 seconds .

========================================================================
Received Import Request.
  Time since last request: 22.200225 seconds.
  path: Assets/scripts/StickyBall.cs
  artifactKey: Guid(cd5dc5bf44fcc31499235a433b723525) Importer(815301076,1909f56bfc062723c751e8b465ee728b)
Start importing Assets/scripts/StickyBall.cs using Guid(cd5dc5bf44fcc31499235a433b723525) Importer(815301076,1909f56bfc062723c751e8b465ee728b)  -> (artifact id: 'c804180b59e030521d9ccd38d7953c19') in 0.009712 seconds 
  Import took 0.013407 seconds .

========================================================================
Received Import Request.
  Time since last request: 60.730687 seconds.
  path: Assets/Scenes/Scene2.unity
  artifactKey: Guid(b3100d19757dc064f818376a0f9d58fe) Importer(815301076,1909f56bfc062723c751e8b465ee728b)
Start importing Assets/Scenes/Scene2.unity using Guid(b3100d19757dc064f818376a0f9d58fe) Importer(815301076,1909f56bfc062723c751e8b465ee728b)  -> (artifact id: '25c8da193007a43f6d4769f463decfa3') in 0.008408 seconds 
  Import took 0.017185 seconds .

========================================================================
Received Import Request.
  Time since last request: 240.987663 seconds.
  path: Assets/sounds/Aqua - Barbie Girl (Instrumental) HQ.mp3
  artifactKey: Guid(2554195b1295cea428fd72b2dda2e5cc) Importer(815301076,1909f56bfc062723c751e8b465ee728b)
Start importing Assets/sounds/Aqua - Barbie Girl (Instrumental) HQ.mp3 using Guid(2554195b1295cea428fd72b2dda2e5cc) Importer(815301076,1909f56bfc062723c751e8b465ee728b)  -> (artifact id: '1b003693df96cfa431db6f018bec2bf5') in 0.065416 seconds 
  Import took 0.069257 seconds .

========================================================================
Received Import Request.
  Time since last request: 0.000279 seconds.
  path: Assets/sounds/Baby shark remixclick more.mp3
  artifactKey: Guid(2e4286afb8e4a3b45bb3c91f191a3c7b) Importer(815301076,1909f56bfc062723c751e8b465ee728b)
Start importing Assets/sounds/Baby shark remixclick more.mp3 using Guid(2e4286afb8e4a3b45bb3c91f191a3c7b) Importer(815301076,1909f56bfc062723c751e8b465ee728b)  -> (artifact id: '60c7053777c9693d2311299173a1d0ee') in 0.024600 seconds 
  Import took 0.028220 seconds .

========================================================================
Received Import Request.
  Time since last request: 0.000345 seconds.
  path: Assets/sounds/Children Yay! Sound Effect.mp3
  artifactKey: Guid(bb76cdab84d1eec4882d702a39b04d7b) Importer(815301076,1909f56bfc062723c751e8b465ee728b)
Start importing Assets/sounds/Children Yay! Sound Effect.mp3 using Guid(bb76cdab84d1eec4882d702a39b04d7b) Importer(815301076,1909f56bfc062723c751e8b465ee728b)  -> (artifact id: 'acc73a9a70f839e4d8d85287edbb4ccf') in 0.020147 seconds 
  Import took 0.023725 seconds .

========================================================================
Received Import Request.
  Time since last request: 0.000286 seconds.
  path: Assets/sounds/SOUND EFFECT TADA.mp3
  artifactKey: Guid(8dfc9662d9c65724cbf8184cea5a740d) Importer(815301076,1909f56bfc062723c751e8b465ee728b)
Start importing Assets/sounds/SOUND EFFECT TADA.mp3 using Guid(8dfc9662d9c65724cbf8184cea5a740d) Importer(815301076,1909f56bfc062723c751e8b465ee728b)  -> (artifact id: '0541b8263730d1521e2f30040ce7e4f3') in 0.020369 seconds 
  Import took 0.025374 seconds .

========================================================================
Received Import Request.
  Time since last request: 0.000346 seconds.
  path: Assets/sounds/VINE BOOM SOUND EFFECT.mp3
  artifactKey: Guid(31b735e22173e8d4c9fec142068bbe30) Importer(815301076,1909f56bfc062723c751e8b465ee728b)
Start importing Assets/sounds/VINE BOOM SOUND EFFECT.mp3 using Guid(31b735e22173e8d4c9fec142068bbe30) Importer(815301076,1909f56bfc062723c751e8b465ee728b)  -> (artifact id: 'e5999b46bccbd0a90d11f5f6d2adb003') in 0.013111 seconds 
  Import took 0.016853 seconds .

========================================================================
Received Import Request.
  Time since last request: 0.000310 seconds.
  path: Assets/sounds/Yum Cycle Girl_1.mp3
  artifactKey: Guid(c02f4f7d0d82301468af2990c8d58228) Importer(815301076,1909f56bfc062723c751e8b465ee728b)
Start importing Assets/sounds/Yum Cycle Girl_1.mp3 using Guid(c02f4f7d0d82301468af2990c8d58228) Importer(815301076,1909f56bfc062723c751e8b465ee728b)  -> (artifact id: 'cef57a961f205a68f44be6cda98091a6') in 0.014018 seconds 
  Import took 0.017747 seconds .

========================================================================
Received Import Request.
  Time since last request: 6.659367 seconds.
  path: Assets/scripts/StickyBall.cs
  artifactKey: Guid(cd5dc5bf44fcc31499235a433b723525) Importer(815301076,1909f56bfc062723c751e8b465ee728b)
Start importing Assets/scripts/StickyBall.cs using Guid(cd5dc5bf44fcc31499235a433b723525) Importer(815301076,1909f56bfc062723c751e8b465ee728b)  -> (artifact id: 'f25b509f6122a69dcf2ff1a68a575a5b') in 0.002460 seconds 
  Import took 0.010527 seconds .

========================================================================
Received Prepare
Registering precompiled user dll's ...
Registered in 0.004259 seconds.
Begin MonoManager ReloadAssembly
Native extension for WindowsStandalone target not found
Native extension for WebGL target not found
Refreshing native plugins compatible for Editor in 0.74 ms, found 2 plugins.
Preloading 0 native plugins for Editor in 0.00 ms.
Mono: successfully reloaded assembly
- Completed reload, in  1.071 seconds
Domain Reload Profiling:
	ReloadAssembly (1071ms)
		BeginReloadAssembly (123ms)
			ExecutionOrderSort (0ms)
			DisableScriptedObjects (7ms)
			BackupInstance (0ms)
			ReleaseScriptingObjects (0ms)
			CreateAndSetChildDomain (37ms)
		EndReloadAssembly (875ms)
			LoadAssemblies (97ms)
			RebuildTransferFunctionScriptingTraits (0ms)
			SetupTypeCache (273ms)
			ReleaseScriptCaches (1ms)
			RebuildScriptCaches (45ms)
			SetupLoadedEditorAssemblies (355ms)
				LogAssemblyErrors (0ms)
				InitializePlatformSupportModulesInManaged (6ms)
				SetLoadedEditorAssemblies (0ms)
				RefreshPlugins (1ms)
				BeforeProcessingInitializeOnLoad (97ms)
				ProcessInitializeOnLoadAttributes (212ms)
				ProcessInitializeOnLoadMethodAttributes (32ms)
				AfterProcessingInitializeOnLoad (6ms)
				EditorAssembliesLoaded (0ms)
			ExecutionOrderSort2 (0ms)
			AwakeInstancesAfterBackupRestoration (6ms)
Platform modules already initialized, skipping
Refreshing native plugins compatible for Editor in 0.67 ms, found 2 plugins.
Preloading 0 native plugins for Editor in 0.00 ms.
Unloading 1964 Unused Serialized files (Serialized files now loaded: 0)
System memory in use before: 85.2 MB.
System memory in use after: 85.3 MB.

Unloading 47 unused Assets to reduce memory usage. Loaded Objects now: 2399.
Total: 6.367000 ms (FindLiveObjects: 0.178400 ms CreateObjectMapping: 0.063600 ms MarkObjects: 6.098800 ms  DeleteObjects: 0.024900 ms)

AssetImportParameters requested are different than current active one (requested -> active):
  custom:framework-win-MediaFoundation: 216162199b28c13a410421893ffa2e32 -> 
  custom:video-decoder-ogg-theora: a1e56fd34408186e4bbccfd4996cb3dc -> 
  custom:container-muxer-webm: aa71ff27fc2769a1b78a27578f13a17b -> 
  custom:container-demuxer-webm: 4f35f7cbe854078d1ac9338744f61a02 -> 
  custom:container-demuxer-ogg: 62fdf1f143b41e24485cea50d1cbac27 -> 
  custom:video-encoder-webm-vp8: eb34c28f22e8b96e1ab97ce403110664 -> 
  custom:video-decoder-webm-vp8: 9c59270c3fd7afecdb556c50c9e8de78 -> 
  custom:audio-decoder-ogg-vorbis: bf7c407c2cedff20999df2af8eb42d56 -> 
  custom:audio-encoder-webm-vorbis: bf7c407c2cedff20999df2af8eb42d56 -> 
========================================================================
Received Import Request.
  Time since last request: 25.035469 seconds.
  path: Assets/models/10 models 1.mb
  artifactKey: Guid(ae8f6b197885f734e990d7cb952dfa7f) Importer(815301076,1909f56bfc062723c751e8b465ee728b)
Start importing Assets/models/10 models 1.mb using Guid(ae8f6b197885f734e990d7cb952dfa7f) Importer(815301076,1909f56bfc062723c751e8b465ee728b)  -> (artifact id: '57ef903ced4823b78b45fca8a75e6438') in 0.301579 seconds 
  Import took 0.306429 seconds .

========================================================================
Received Import Request.
  Time since last request: 0.000299 seconds.
  path: Assets/models/wall.mb
  artifactKey: Guid(460846b7196a48945976328a97164175) Importer(815301076,1909f56bfc062723c751e8b465ee728b)
Start importing Assets/models/wall.mb using Guid(460846b7196a48945976328a97164175) Importer(815301076,1909f56bfc062723c751e8b465ee728b)  -> (artifact id: '42703fcca358748fdd02b03aa70154d9') in 0.018757 seconds 
  Import took 0.022289 seconds .

========================================================================
Received Import Request.
  Time since last request: 0.000289 seconds.
  path: Assets/models/modelgirl 1.mb
  artifactKey: Guid(a0b6b08be5c34bc47bb4eb2b3175acfa) Importer(815301076,1909f56bfc062723c751e8b465ee728b)
Start importing Assets/models/modelgirl 1.mb using Guid(a0b6b08be5c34bc47bb4eb2b3175acfa) Importer(815301076,1909f56bfc062723c751e8b465ee728b)  -> (artifact id: '651f1ff253c06adca351e62ee052438d') in 0.193220 seconds 
  Import took 0.196813 seconds .

========================================================================
Received Import Request.
  Time since last request: 0.000260 seconds.
  path: Assets/models/smallCube.fbx
  artifactKey: Guid(39607b5c6fd72ba45b0bbb52faf0746d) Importer(815301076,1909f56bfc062723c751e8b465ee728b)
Start importing Assets/models/smallCube.fbx using Guid(39607b5c6fd72ba45b0bbb52faf0746d) Importer(815301076,1909f56bfc062723c751e8b465ee728b)  -> (artifact id: 'c6d68178dd35544290ab5fd76c69cfa9') in 0.060847 seconds 
  Import took 0.063474 seconds .

========================================================================
Received Import Request.
  Time since last request: 0.000256 seconds.
  path: Assets/models/modelgirl.mb
  artifactKey: Guid(6f03d49f38e14dd4c9b4e9c4ac19905a) Importer(815301076,1909f56bfc062723c751e8b465ee728b)
Start importing Assets/models/modelgirl.mb using Guid(6f03d49f38e14dd4c9b4e9c4ac19905a) Importer(815301076,1909f56bfc062723c751e8b465ee728b)  -> (artifact id: 'a531d3564c4dbd8493f338870216588e') in 0.054393 seconds 
  Import took 0.057181 seconds .

========================================================================
Received Import Request.
  Time since last request: 2.313003 seconds.
  path: Assets/materials/blinn9.mat
  artifactKey: Guid(2308c3844f18bac46a97e60eb2c55162) Importer(815301076,1909f56bfc062723c751e8b465ee728b)
Start importing Assets/materials/blinn9.mat using Guid(2308c3844f18bac46a97e60eb2c55162) Importer(815301076,1909f56bfc062723c751e8b465ee728b)  -> (artifact id: '055628e63d73da1423f97a346e1d7c37') in 0.014486 seconds 
  Import took 0.017311 seconds .

========================================================================
Received Import Request.
  Time since last request: 1.189879 seconds.
  path: Assets/Kitchen Asset/Prefabs/Apple.prefab
  artifactKey: Guid(7cd627a1919ab7748980fbcec674e6a0) Importer(815301076,1909f56bfc062723c751e8b465ee728b)
Start importing Assets/Kitchen Asset/Prefabs/Apple.prefab using Guid(7cd627a1919ab7748980fbcec674e6a0) Importer(815301076,1909f56bfc062723c751e8b465ee728b)  -> (artifact id: '14f88516f48c96b609d149d39a0d2014') in 0.118248 seconds 
  Import took 0.122152 seconds .

========================================================================
Received Import Request.
  Time since last request: 0.000284 seconds.
  path: Assets/Kitchen Asset/Prefabs/deeppan.prefab
  artifactKey: Guid(d15472a0ad9a62e49a54ad28cabd11cb) Importer(815301076,1909f56bfc062723c751e8b465ee728b)
Start importing Assets/Kitchen Asset/Prefabs/deeppan.prefab using Guid(d15472a0ad9a62e49a54ad28cabd11cb) Importer(815301076,1909f56bfc062723c751e8b465ee728b)  -> (artifact id: 'd07604faa1f0ef77a72930a72b94d8f6') in 0.089086 seconds 
  Import took 0.092306 seconds .

========================================================================
Received Import Request.
  Time since last request: 0.000272 seconds.
  path: Assets/Kitchen Asset/Prefabs/Plate1.prefab
  artifactKey: Guid(8e9bdb5bf8e1022489334c16a0e43dce) Importer(815301076,1909f56bfc062723c751e8b465ee728b)
Start importing Assets/Kitchen Asset/Prefabs/Plate1.prefab using Guid(8e9bdb5bf8e1022489334c16a0e43dce) Importer(815301076,1909f56bfc062723c751e8b465ee728b)  -> (artifact id: 'd2e85597ce125cd08addf8b87d2af0c5') in 0.058827 seconds 
  Import took 0.062576 seconds .

========================================================================
Received Import Request.
  Time since last request: 0.000270 seconds.
  path: Assets/Kitchen Asset/Prefabs/Plate2.prefab
  artifactKey: Guid(9fb9d47ff93c62c4d81c6e1da501012a) Importer(815301076,1909f56bfc062723c751e8b465ee728b)
Start importing Assets/Kitchen Asset/Prefabs/Plate2.prefab using Guid(9fb9d47ff93c62c4d81c6e1da501012a) Importer(815301076,1909f56bfc062723c751e8b465ee728b)  -> (artifact id: '5499fe361668a33b916503603f1bf1df') in 0.220835 seconds 
  Import took 0.224354 seconds .

========================================================================
Received Import Request.
  Time since last request: 0.000283 seconds.
  path: Assets/Kitchen Asset/Prefabs/table.prefab
  artifactKey: Guid(f3b80ff6904947949a912527d471aaa6) Importer(815301076,1909f56bfc062723c751e8b465ee728b)
Start importing Assets/Kitchen Asset/Prefabs/table.prefab using Guid(f3b80ff6904947949a912527d471aaa6) Importer(815301076,1909f56bfc062723c751e8b465ee728b)  -> (artifact id: 'f2cb5d6f250d0f554991240ff6d452ea') in 0.085844 seconds 
  Import took 0.088887 seconds .

========================================================================
Received Import Request.
  Time since last request: 0.000240 seconds.
  path: Assets/Kitchen Asset/Prefabs/Spoon.prefab
  artifactKey: Guid(32cf7cb5324804148862798ee1f49df8) Importer(815301076,1909f56bfc062723c751e8b465ee728b)
Start importing Assets/Kitchen Asset/Prefabs/Spoon.prefab using Guid(32cf7cb5324804148862798ee1f49df8) Importer(815301076,1909f56bfc062723c751e8b465ee728b)  -> (artifact id: '59d5a52cf8ae0bfc164cf3dd2e8d1169') in 0.088192 seconds 
  Import took 0.092067 seconds .

========================================================================
Received Import Request.
  Time since last request: 0.000293 seconds.
  path: Assets/Kitchen Asset/Prefabs/Lemon.prefab
  artifactKey: Guid(7796e5e8ea6331043b117257a041c92d) Importer(815301076,1909f56bfc062723c751e8b465ee728b)
Start importing Assets/Kitchen Asset/Prefabs/Lemon.prefab using Guid(7796e5e8ea6331043b117257a041c92d) Importer(815301076,1909f56bfc062723c751e8b465ee728b)  -> (artifact id: '1b00a6a212d58190b7a0933cfcb73556') in 0.087632 seconds 
  Import took 0.090747 seconds .

========================================================================
Received Import Request.
  Time since last request: 0.000300 seconds.
  path: Assets/Kitchen Asset/Prefabs/Board.prefab
  artifactKey: Guid(da39b72aa18fa5e48b10d7ec95000d35) Importer(815301076,1909f56bfc062723c751e8b465ee728b)
Start importing Assets/Kitchen Asset/Prefabs/Board.prefab using Guid(da39b72aa18fa5e48b10d7ec95000d35) Importer(815301076,1909f56bfc062723c751e8b465ee728b)  -> (artifact id: 'a76aff7fba2924414d8b1447ff665f29') in 0.093299 seconds 
  Import took 0.096574 seconds .

========================================================================
Received Import Request.
  Time since last request: 0.000293 seconds.
  path: Assets/Kitchen Asset/Prefabs/Milk.prefab
  artifactKey: Guid(a7b8c6cc9bfdb4d45a68517821f246a6) Importer(815301076,1909f56bfc062723c751e8b465ee728b)
Start importing Assets/Kitchen Asset/Prefabs/Milk.prefab using Guid(a7b8c6cc9bfdb4d45a68517821f246a6) Importer(815301076,1909f56bfc062723c751e8b465ee728b)  -> (artifact id: '990920a43ba85536c9aee99a4e854633') in 0.398415 seconds 
  Import took 0.402311 seconds .

========================================================================
Received Import Request.
  Time since last request: 0.000304 seconds.
  path: Assets/Kitchen Asset/Prefabs/Sauce1.prefab
  artifactKey: Guid(c8b63a757cfc15c40a46b3d1a93f140b) Importer(815301076,1909f56bfc062723c751e8b465ee728b)
Start importing Assets/Kitchen Asset/Prefabs/Sauce1.prefab using Guid(c8b63a757cfc15c40a46b3d1a93f140b) Importer(815301076,1909f56bfc062723c751e8b465ee728b)  -> (artifact id: '67b537c14b1475fb449210bbde5aaa86') in 0.167424 seconds 
  Import took 0.171309 seconds .

========================================================================
Received Import Request.
  Time since last request: 0.000246 seconds.
  path: Assets/Kitchen Asset/Prefabs/WaterMElon.prefab
  artifactKey: Guid(595f07ceb372f6843847d984ba9aaf8b) Importer(815301076,1909f56bfc062723c751e8b465ee728b)
Start importing Assets/Kitchen Asset/Prefabs/WaterMElon.prefab using Guid(595f07ceb372f6843847d984ba9aaf8b) Importer(815301076,1909f56bfc062723c751e8b465ee728b)  -> (artifact id: 'f0603262a74b93e33df8915f7a684780') in 0.292007 seconds 
  Import took 0.295852 seconds .

========================================================================
Received Import Request.
  Time since last request: 0.000264 seconds.
  path: Assets/Kitchen Asset/Prefabs/Cap1.prefab
  artifactKey: Guid(6eb85e11fa7e236498f71c3ed6de0cb9) Importer(815301076,1909f56bfc062723c751e8b465ee728b)
Start importing Assets/Kitchen Asset/Prefabs/Cap1.prefab using Guid(6eb85e11fa7e236498f71c3ed6de0cb9) Importer(815301076,1909f56bfc062723c751e8b465ee728b)  -> (artifact id: '094c858f2aaa3cf8bb8382d6a9dbf4ba') in 0.140329 seconds 
  Import took 0.144323 seconds .

========================================================================
Received Import Request.
  Time since last request: 0.000302 seconds.
  path: Assets/Kitchen Asset/Prefabs/Ladle.prefab
  artifactKey: Guid(e63f6cfdb152e03478e17e66e6dc046e) Importer(815301076,1909f56bfc062723c751e8b465ee728b)
Start importing Assets/Kitchen Asset/Prefabs/Ladle.prefab using Guid(e63f6cfdb152e03478e17e66e6dc046e) Importer(815301076,1909f56bfc062723c751e8b465ee728b)  -> (artifact id: '84c64d8c3d142b9ea88a6141a9956f57') in 0.093399 seconds 
  Import took 0.096965 seconds .

========================================================================
Received Import Request.
  Time since last request: 0.000293 seconds.
  path: Assets/Kitchen Asset/Prefabs/Pan.prefab
  artifactKey: Guid(12350bfc702bef44499bfd46c8dbb426) Importer(815301076,1909f56bfc062723c751e8b465ee728b)
Start importing Assets/Kitchen Asset/Prefabs/Pan.prefab using Guid(12350bfc702bef44499bfd46c8dbb426) Importer(815301076,1909f56bfc062723c751e8b465ee728b)  -> (artifact id: '5c92687e55761f2846bad0e10768b458') in 0.070434 seconds 
  Import took 0.073847 seconds .

========================================================================
Received Import Request.
  Time since last request: 0.000227 seconds.
  path: Assets/Kitchen Asset/Prefabs/RollingPin.prefab
  artifactKey: Guid(4097a285d710b744b9ff6cb685207bae) Importer(815301076,1909f56bfc062723c751e8b465ee728b)
Start importing Assets/Kitchen Asset/Prefabs/RollingPin.prefab using Guid(4097a285d710b744b9ff6cb685207bae) Importer(815301076,1909f56bfc062723c751e8b465ee728b)  -> (artifact id: 'cc66b60a3803dfdfb9c5417257f88271') in 0.085615 seconds 
  Import took 0.088952 seconds .

========================================================================
Received Import Request.
  Time since last request: 0.000247 seconds.
  path: Assets/Kitchen Asset/Prefabs/KnifeKitchen.prefab
  artifactKey: Guid(733c9f99aae6b2a4387b2583f86820e3) Importer(815301076,1909f56bfc062723c751e8b465ee728b)
Start importing Assets/Kitchen Asset/Prefabs/KnifeKitchen.prefab using Guid(733c9f99aae6b2a4387b2583f86820e3) Importer(815301076,1909f56bfc062723c751e8b465ee728b)  -> (artifact id: 'b0c565e376705afc8c659f53a27cab0e') in 0.076651 seconds 
  Import took 0.079561 seconds .

========================================================================
Received Import Request.
  Time since last request: 0.000290 seconds.
  path: Assets/Kitchen Asset/Prefabs/Plate3.prefab
  artifactKey: Guid(acbc7238c9c191d4d8aff4ab3a575a69) Importer(815301076,1909f56bfc062723c751e8b465ee728b)
Start importing Assets/Kitchen Asset/Prefabs/Plate3.prefab using Guid(acbc7238c9c191d4d8aff4ab3a575a69) Importer(815301076,1909f56bfc062723c751e8b465ee728b)  -> (artifact id: '9efd52a0b19692744edf61276928f907') in 0.050529 seconds 
  Import took 0.053649 seconds .

========================================================================
Received Import Request.
  Time since last request: 0.000311 seconds.
  path: Assets/Kitchen Asset/Prefabs/CornFlakes.prefab
  artifactKey: Guid(95cb85553a003914f8143e52b614b08f) Importer(815301076,1909f56bfc062723c751e8b465ee728b)
Start importing Assets/Kitchen Asset/Prefabs/CornFlakes.prefab using Guid(95cb85553a003914f8143e52b614b08f) Importer(815301076,1909f56bfc062723c751e8b465ee728b)  -> (artifact id: 'a2282e10fae2ca5d6d0e6f71b0c5c3cd') in 0.090751 seconds 
  Import took 0.094600 seconds .

========================================================================
Received Import Request.
  Time since last request: 0.000289 seconds.
  path: Assets/Kitchen Asset/Prefabs/Glass.prefab
  artifactKey: Guid(3d17997aaf2fc33409ffa2305a0d2dfa) Importer(815301076,1909f56bfc062723c751e8b465ee728b)
Start importing Assets/Kitchen Asset/Prefabs/Glass.prefab using Guid(3d17997aaf2fc33409ffa2305a0d2dfa) Importer(815301076,1909f56bfc062723c751e8b465ee728b)  -> (artifact id: 'dd2936fbc2b21981ce9d998250a72270') in 0.167509 seconds 
  Import took 0.171172 seconds .

========================================================================
Received Import Request.
  Time since last request: 0.000322 seconds.
  path: Assets/Kitchen Asset/Prefabs/Fork.prefab
  artifactKey: Guid(b540476b589f10f46abb067b58e9e698) Importer(815301076,1909f56bfc062723c751e8b465ee728b)
Start importing Assets/Kitchen Asset/Prefabs/Fork.prefab using Guid(b540476b589f10f46abb067b58e9e698) Importer(815301076,1909f56bfc062723c751e8b465ee728b)  -> (artifact id: 'd32ce8023d3b086fd2be523ab99e7343') in 0.078911 seconds 
  Import took 0.081898 seconds .

========================================================================
Received Import Request.
  Time since last request: 0.000253 seconds.
  path: Assets/Kitchen Asset/Prefabs/Stand.prefab
  artifactKey: Guid(f1969e8867becad48968186262fbf790) Importer(815301076,1909f56bfc062723c751e8b465ee728b)
Start importing Assets/Kitchen Asset/Prefabs/Stand.prefab using Guid(f1969e8867becad48968186262fbf790) Importer(815301076,1909f56bfc062723c751e8b465ee728b)  -> (artifact id: '5ed134fdd05844d19c5cca8b69663ca7') in 0.092447 seconds 
  Import took 0.096152 seconds .

========================================================================
Received Import Request.
  Time since last request: 0.000204 seconds.
  path: Assets/Kitchen Asset/Prefabs/Knife2.prefab
  artifactKey: Guid(2a79468e213672b4984d41d9f26ab16a) Importer(815301076,1909f56bfc062723c751e8b465ee728b)
Start importing Assets/Kitchen Asset/Prefabs/Knife2.prefab using Guid(2a79468e213672b4984d41d9f26ab16a) Importer(815301076,1909f56bfc062723c751e8b465ee728b)  -> (artifact id: '802e806951469507c199540e287d8d80') in 0.080037 seconds 
  Import took 0.083283 seconds .

========================================================================
Received Import Request.
  Time since last request: 0.000253 seconds.
  path: Assets/Kitchen Asset/Prefabs/DeepPlate.prefab
  artifactKey: Guid(573c24db696ae0b4091b43e2066b558d) Importer(815301076,1909f56bfc062723c751e8b465ee728b)
Start importing Assets/Kitchen Asset/Prefabs/DeepPlate.prefab using Guid(573c24db696ae0b4091b43e2066b558d) Importer(815301076,1909f56bfc062723c751e8b465ee728b)  -> (artifact id: 'd3b162335da6c141c28a4f9f59586a88') in 0.097661 seconds 
  Import took 0.100714 seconds .

AssetImportWorkerClient::OnTransportError - code=2 error=End of file
