Using pre-set license
Built from '2020.3/staging' branch; Version is '2020.3.19f1 (68f137dc9bbe) revision 6877495'; Using compiler version '192528614'; Build Type 'Release'
OS: 'Windows 10 Home; OS build 19043.1288; Version 2009; 64bit' Language: 'en' Physical Memory: 16227 MB
BatchMode: 1, IsHumanControllingUs: 0, StartBugReporterOnCrash: 0, Is64bit: 1, IsPro: 0

COMMAND LINE ARGUMENTS:
C:\Program Files\Unity\Hub\Editor\2020.3.19f1\Editor\Unity.exe
-adb2
-batchMode
-noUpm
-name
AssetImportWorker0
-projectPath
C:/Users/My/Documents/GitHub/PowersOfTen/PowersOfTenMinigameDemo
-logFile
Logs/AssetImportWorker0.log
-srvPort
62815
Successfully changed project path to: C:/Users/My/Documents/GitHub/PowersOfTen/PowersOfTenMinigameDemo
C:/Users/My/Documents/GitHub/PowersOfTen/PowersOfTenMinigameDemo
Using Asset Import Pipeline V2.
Refreshing native plugins compatible for Editor in 67.53 ms, found 2 plugins.
Preloading 0 native plugins for Editor in 0.00 ms.
Initialize engine version: 2020.3.19f1 (68f137dc9bbe)
[Subsystems] Discovering subsystems at path C:/Program Files/Unity/Hub/Editor/2020.3.19f1/Editor/Data/Resources/UnitySubsystems
[Subsystems] Discovering subsystems at path C:/Users/My/Documents/GitHub/PowersOfTen/PowersOfTenMinigameDemo/Assets
GfxDevice: creating device client; threaded=0
Direct3D:
    Version:  Direct3D 11.0 [level 11.1]
    Renderer: NVIDIA GeForce GTX 1070 with Max-Q Design (ID=0x1ba1)
    Vendor:   
    VRAM:     8082 MB
    Driver:   27.21.14.6140
Initialize mono
Mono path[0] = 'C:/Program Files/Unity/Hub/Editor/2020.3.19f1/Editor/Data/Managed'
Mono path[1] = 'C:/Program Files/Unity/Hub/Editor/2020.3.19f1/Editor/Data/MonoBleedingEdge/lib/mono/unityjit'
Mono config path = 'C:/Program Files/Unity/Hub/Editor/2020.3.19f1/Editor/Data/MonoBleedingEdge/etc'
Using monoOptions --debugger-agent=transport=dt_socket,embedding=1,server=y,suspend=n,address=127.0.0.1:56252
Begin MonoManager ReloadAssembly
Registering precompiled unity dll's ...
Register platform support module: C:/Program Files/Unity/Hub/Editor/2020.3.19f1/Editor/Data/PlaybackEngines/WebGLSupport/UnityEditor.WebGL.Extensions.dll
Register platform support module: C:/Program Files/Unity/Hub/Editor/2020.3.19f1/Editor/Data/PlaybackEngines/WindowsStandaloneSupport/UnityEditor.WindowsStandalone.Extensions.dll
Registered in 0.002606 seconds.
Native extension for WindowsStandalone target not found
Native extension for WebGL target not found
Refreshing native plugins compatible for Editor in 59.66 ms, found 2 plugins.
Preloading 0 native plugins for Editor in 0.00 ms.
Mono: successfully reloaded assembly
- Completed reload, in  2.003 seconds
Domain Reload Profiling:
	ReloadAssembly (2003ms)
		BeginReloadAssembly (54ms)
			ExecutionOrderSort (0ms)
			DisableScriptedObjects (0ms)
			BackupInstance (0ms)
			ReleaseScriptingObjects (0ms)
			CreateAndSetChildDomain (1ms)
		EndReloadAssembly (457ms)
			LoadAssemblies (52ms)
			RebuildTransferFunctionScriptingTraits (0ms)
			SetupTypeCache (158ms)
			ReleaseScriptCaches (0ms)
			RebuildScriptCaches (34ms)
			SetupLoadedEditorAssemblies (192ms)
				LogAssemblyErrors (0ms)
				InitializePlatformSupportModulesInManaged (5ms)
				SetLoadedEditorAssemblies (0ms)
				RefreshPlugins (60ms)
				BeforeProcessingInitializeOnLoad (18ms)
				ProcessInitializeOnLoadAttributes (81ms)
				ProcessInitializeOnLoadMethodAttributes (28ms)
				AfterProcessingInitializeOnLoad (0ms)
				EditorAssembliesLoaded (0ms)
			ExecutionOrderSort2 (0ms)
			AwakeInstancesAfterBackupRestoration (0ms)
Platform modules already initialized, skipping
Registering precompiled user dll's ...
Registered in 0.004858 seconds.
Begin MonoManager ReloadAssembly
Native extension for WindowsStandalone target not found
Native extension for WebGL target not found
Refreshing native plugins compatible for Editor in 0.85 ms, found 2 plugins.
Preloading 0 native plugins for Editor in 0.00 ms.
Mono: successfully reloaded assembly
- Completed reload, in  1.030 seconds
Domain Reload Profiling:
	ReloadAssembly (1031ms)
		BeginReloadAssembly (138ms)
			ExecutionOrderSort (0ms)
			DisableScriptedObjects (4ms)
			BackupInstance (0ms)
			ReleaseScriptingObjects (0ms)
			CreateAndSetChildDomain (17ms)
		EndReloadAssembly (833ms)
			LoadAssemblies (85ms)
			RebuildTransferFunctionScriptingTraits (0ms)
			SetupTypeCache (263ms)
			ReleaseScriptCaches (0ms)
			RebuildScriptCaches (42ms)
			SetupLoadedEditorAssemblies (354ms)
				LogAssemblyErrors (0ms)
				InitializePlatformSupportModulesInManaged (6ms)
				SetLoadedEditorAssemblies (0ms)
				RefreshPlugins (1ms)
				BeforeProcessingInitializeOnLoad (88ms)
				ProcessInitializeOnLoadAttributes (219ms)
				ProcessInitializeOnLoadMethodAttributes (34ms)
				AfterProcessingInitializeOnLoad (6ms)
				EditorAssembliesLoaded (0ms)
			ExecutionOrderSort2 (0ms)
			AwakeInstancesAfterBackupRestoration (6ms)
Platform modules already initialized, skipping
========================================================================
Worker process is ready to serve import requests
Launched and connected shader compiler UnityShaderCompiler.exe after 0.07 seconds
Refreshing native plugins compatible for Editor in 0.65 ms, found 2 plugins.
Preloading 0 native plugins for Editor in 0.00 ms.
Unloading 1981 Unused Serialized files (Serialized files now loaded: 0)
System memory in use before: 83.4 MB.
System memory in use after: 83.5 MB.

Unloading 56 unused Assets to reduce memory usage. Loaded Objects now: 2388.
Total: 8.007400 ms (FindLiveObjects: 0.210700 ms CreateObjectMapping: 0.065700 ms MarkObjects: 7.637200 ms  DeleteObjects: 0.092700 ms)

AssetImportParameters requested are different than current active one (requested -> active):
  custom:framework-win-MediaFoundation: 216162199b28c13a410421893ffa2e32 -> 
  custom:video-decoder-ogg-theora: a1e56fd34408186e4bbccfd4996cb3dc -> 
  custom:container-muxer-webm: aa71ff27fc2769a1b78a27578f13a17b -> 
  custom:container-demuxer-webm: 4f35f7cbe854078d1ac9338744f61a02 -> 
  custom:container-demuxer-ogg: 62fdf1f143b41e24485cea50d1cbac27 -> 
  custom:video-encoder-webm-vp8: eb34c28f22e8b96e1ab97ce403110664 -> 
  custom:video-decoder-webm-vp8: 9c59270c3fd7afecdb556c50c9e8de78 -> 
  custom:audio-decoder-ogg-vorbis: bf7c407c2cedff20999df2af8eb42d56 -> 
  custom:audio-encoder-webm-vorbis: bf7c407c2cedff20999df2af8eb42d56 -> 
========================================================================
Received Import Request.
  path: Assets/texture/36774583-cute-tumblr-wallpapers.jpg
  artifactKey: Guid(b341ce8e60d377f41afef4f4ad3e451e) Importer(815301076,1909f56bfc062723c751e8b465ee728b)
Start importing Assets/texture/36774583-cute-tumblr-wallpapers.jpg using Guid(b341ce8e60d377f41afef4f4ad3e451e) Importer(815301076,1909f56bfc062723c751e8b465ee728b)  -> (artifact id: '2781f0095a74fc2c3b90ef9e961b2aaf') in 0.075561 seconds 
  Import took 0.079580 seconds .

========================================================================
Received Import Request.
  Time since last request: 0.000261 seconds.
  path: Assets/texture/start screen.png
  artifactKey: Guid(a745c07af708e5b46b77fab7347f5efa) Importer(815301076,1909f56bfc062723c751e8b465ee728b)
Start importing Assets/texture/start screen.png using Guid(a745c07af708e5b46b77fab7347f5efa) Importer(815301076,1909f56bfc062723c751e8b465ee728b)  -> (artifact id: '14798ffb52244a95e3b6db2991f6b489') in 0.037411 seconds 
  Import took 0.040681 seconds .

========================================================================
Received Import Request.
  Time since last request: 0.000328 seconds.
  path: Assets/texture/95591751-waffle-seamless-pattern-waffle-or-ice-cream-cone-vector-illustration.jpg
  artifactKey: Guid(7acb476c75b757b4bbb2777e9e6c8b40) Importer(815301076,1909f56bfc062723c751e8b465ee728b)
Start importing Assets/texture/95591751-waffle-seamless-pattern-waffle-or-ice-cream-cone-vector-illustration.jpg using Guid(7acb476c75b757b4bbb2777e9e6c8b40) Importer(815301076,1909f56bfc062723c751e8b465ee728b)  -> (artifact id: 'aff8ce9e8ede1c950ce7598c8152d78c') in 0.015583 seconds 
  Import took 0.018669 seconds .

========================================================================
Received Import Request.
  Time since last request: 0.000314 seconds.
  path: Assets/texture/start screen2.png
  artifactKey: Guid(71aa424f083635c4d83f23f94b8a4598) Importer(815301076,1909f56bfc062723c751e8b465ee728b)
Start importing Assets/texture/start screen2.png using Guid(71aa424f083635c4d83f23f94b8a4598) Importer(815301076,1909f56bfc062723c751e8b465ee728b)  -> (artifact id: '30cac20c72e2c89667f18743acb2bcf9') in 0.033854 seconds 
  Import took 0.036740 seconds .

========================================================================
Received Import Request.
  Time since last request: 0.000299 seconds.
  path: Assets/texture/end screen.png
  artifactKey: Guid(a12dbb40e6d921c4491930c759961b34) Importer(815301076,1909f56bfc062723c751e8b465ee728b)
Start importing Assets/texture/end screen.png using Guid(a12dbb40e6d921c4491930c759961b34) Importer(815301076,1909f56bfc062723c751e8b465ee728b)  -> (artifact id: '1b94480723b244212aa2b8cfcc17040c') in 0.019695 seconds 
  Import took 0.022825 seconds .

========================================================================
Received Import Request.
  Time since last request: 0.000283 seconds.
  path: Assets/texture/start screen3.png
  artifactKey: Guid(794a88d8fbfa545419aa91c1efe39646) Importer(815301076,1909f56bfc062723c751e8b465ee728b)
Start importing Assets/texture/start screen3.png using Guid(794a88d8fbfa545419aa91c1efe39646) Importer(815301076,1909f56bfc062723c751e8b465ee728b)  -> (artifact id: 'a822cfc1e0042dd87060ffe6e3316b62') in 0.012040 seconds 
  Import took 0.015568 seconds .

========================================================================
Received Import Request.
  Time since last request: 0.000315 seconds.
  path: Assets/texture/CubeUVMap2.png
  artifactKey: Guid(4203c9eda9e4a9c40a2fcdba4061447c) Importer(815301076,1909f56bfc062723c751e8b465ee728b)
Start importing Assets/texture/CubeUVMap2.png using Guid(4203c9eda9e4a9c40a2fcdba4061447c) Importer(815301076,1909f56bfc062723c751e8b465ee728b)  -> (artifact id: '8e45efc0ae97a2a0d8a4dcc9def95186') in 0.042695 seconds 
  Import took 0.045631 seconds .

========================================================================
Received Import Request.
  Time since last request: 0.000275 seconds.
  path: Assets/texture/start screen4.png
  artifactKey: Guid(b6f4b5fca09294e408b991658fb4655b) Importer(815301076,1909f56bfc062723c751e8b465ee728b)
Start importing Assets/texture/start screen4.png using Guid(b6f4b5fca09294e408b991658fb4655b) Importer(815301076,1909f56bfc062723c751e8b465ee728b)  -> (artifact id: 'f3f3454bf9f46d389ce2b38d506108ce') in 0.012274 seconds 
  Import took 0.015384 seconds .

========================================================================
Received Prepare
Refreshing native plugins compatible for Editor in 11.44 ms, found 2 plugins.
Preloading 0 native plugins for Editor in 0.00 ms.
Unloading 45 Unused Serialized files (Serialized files now loaded: 0)
System memory in use before: 44.1 MB.
System memory in use after: 44.2 MB.

Unloading 45 unused Assets to reduce memory usage. Loaded Objects now: 2392.
Total: 6.418100 ms (FindLiveObjects: 0.170400 ms CreateObjectMapping: 0.061800 ms MarkObjects: 6.164000 ms  DeleteObjects: 0.021100 ms)

AssetImportParameters requested are different than current active one (requested -> active):
  custom:framework-win-MediaFoundation: 216162199b28c13a410421893ffa2e32 -> 
  custom:video-decoder-ogg-theora: a1e56fd34408186e4bbccfd4996cb3dc -> 
  custom:container-muxer-webm: aa71ff27fc2769a1b78a27578f13a17b -> 
  custom:container-demuxer-webm: 4f35f7cbe854078d1ac9338744f61a02 -> 
  custom:container-demuxer-ogg: 62fdf1f143b41e24485cea50d1cbac27 -> 
  custom:video-encoder-webm-vp8: eb34c28f22e8b96e1ab97ce403110664 -> 
  custom:video-decoder-webm-vp8: 9c59270c3fd7afecdb556c50c9e8de78 -> 
  custom:audio-decoder-ogg-vorbis: bf7c407c2cedff20999df2af8eb42d56 -> 
  custom:audio-encoder-webm-vorbis: bf7c407c2cedff20999df2af8eb42d56 -> 
========================================================================
Received Prepare
Registering precompiled user dll's ...
Registered in 0.013803 seconds.
Begin MonoManager ReloadAssembly
Native extension for WindowsStandalone target not found
Native extension for WebGL target not found
Refreshing native plugins compatible for Editor in 2.41 ms, found 2 plugins.
Preloading 0 native plugins for Editor in 0.00 ms.
Mono: successfully reloaded assembly
- Completed reload, in  3.614 seconds
Domain Reload Profiling:
	ReloadAssembly (3616ms)
		BeginReloadAssembly (311ms)
			ExecutionOrderSort (0ms)
			DisableScriptedObjects (13ms)
			BackupInstance (0ms)
			ReleaseScriptingObjects (0ms)
			CreateAndSetChildDomain (92ms)
		EndReloadAssembly (3011ms)
			LoadAssemblies (283ms)
			RebuildTransferFunctionScriptingTraits (0ms)
			SetupTypeCache (831ms)
			ReleaseScriptCaches (2ms)
			RebuildScriptCaches (114ms)
			SetupLoadedEditorAssemblies (1315ms)
				LogAssemblyErrors (0ms)
				InitializePlatformSupportModulesInManaged (14ms)
				SetLoadedEditorAssemblies (2ms)
				RefreshPlugins (3ms)
				BeforeProcessingInitializeOnLoad (265ms)
				ProcessInitializeOnLoadAttributes (825ms)
				ProcessInitializeOnLoadMethodAttributes (179ms)
				AfterProcessingInitializeOnLoad (27ms)
				EditorAssembliesLoaded (0ms)
			ExecutionOrderSort2 (0ms)
			AwakeInstancesAfterBackupRestoration (24ms)
Platform modules already initialized, skipping
Refreshing native plugins compatible for Editor in 3.34 ms, found 2 plugins.
Preloading 0 native plugins for Editor in 0.00 ms.
Unloading 1964 Unused Serialized files (Serialized files now loaded: 0)
System memory in use before: 82.2 MB.
System memory in use after: 82.3 MB.

Unloading 47 unused Assets to reduce memory usage. Loaded Objects now: 2394.
Total: 25.638000 ms (FindLiveObjects: 0.632000 ms CreateObjectMapping: 0.265400 ms MarkObjects: 24.620300 ms  DeleteObjects: 0.115300 ms)

AssetImportParameters requested are different than current active one (requested -> active):
  custom:framework-win-MediaFoundation: 216162199b28c13a410421893ffa2e32 -> 
  custom:video-decoder-ogg-theora: a1e56fd34408186e4bbccfd4996cb3dc -> 
  custom:container-muxer-webm: aa71ff27fc2769a1b78a27578f13a17b -> 
  custom:container-demuxer-webm: 4f35f7cbe854078d1ac9338744f61a02 -> 
  custom:container-demuxer-ogg: 62fdf1f143b41e24485cea50d1cbac27 -> 
  custom:video-encoder-webm-vp8: eb34c28f22e8b96e1ab97ce403110664 -> 
  custom:video-decoder-webm-vp8: 9c59270c3fd7afecdb556c50c9e8de78 -> 
  custom:audio-decoder-ogg-vorbis: bf7c407c2cedff20999df2af8eb42d56 -> 
  custom:audio-encoder-webm-vorbis: bf7c407c2cedff20999df2af8eb42d56 -> 
========================================================================
Received Prepare
Refreshing native plugins compatible for Editor in 14.38 ms, found 2 plugins.
Preloading 0 native plugins for Editor in 0.00 ms.
Unloading 45 Unused Serialized files (Serialized files now loaded: 0)
System memory in use before: 44.2 MB.
System memory in use after: 44.4 MB.

Unloading 45 unused Assets to reduce memory usage. Loaded Objects now: 2394.
Total: 6.306100 ms (FindLiveObjects: 0.250800 ms CreateObjectMapping: 0.109900 ms MarkObjects: 5.916100 ms  DeleteObjects: 0.028100 ms)

AssetImportParameters requested are different than current active one (requested -> active):
  custom:framework-win-MediaFoundation: 216162199b28c13a410421893ffa2e32 -> 
  custom:video-decoder-ogg-theora: a1e56fd34408186e4bbccfd4996cb3dc -> 
  custom:container-muxer-webm: aa71ff27fc2769a1b78a27578f13a17b -> 
  custom:container-demuxer-webm: 4f35f7cbe854078d1ac9338744f61a02 -> 
  custom:container-demuxer-ogg: 62fdf1f143b41e24485cea50d1cbac27 -> 
  custom:video-encoder-webm-vp8: eb34c28f22e8b96e1ab97ce403110664 -> 
  custom:video-decoder-webm-vp8: 9c59270c3fd7afecdb556c50c9e8de78 -> 
  custom:audio-decoder-ogg-vorbis: bf7c407c2cedff20999df2af8eb42d56 -> 
  custom:audio-encoder-webm-vorbis: bf7c407c2cedff20999df2af8eb42d56 -> 
========================================================================
Received Prepare
Refreshing native plugins compatible for Editor in 26.51 ms, found 2 plugins.
Preloading 0 native plugins for Editor in 0.00 ms.
Unloading 45 Unused Serialized files (Serialized files now loaded: 0)
System memory in use before: 44.3 MB.
System memory in use after: 44.4 MB.

Unloading 45 unused Assets to reduce memory usage. Loaded Objects now: 2394.
Total: 7.802000 ms (FindLiveObjects: 0.183500 ms CreateObjectMapping: 0.114700 ms MarkObjects: 7.468700 ms  DeleteObjects: 0.033500 ms)

AssetImportParameters requested are different than current active one (requested -> active):
  custom:framework-win-MediaFoundation: 216162199b28c13a410421893ffa2e32 -> 
  custom:video-decoder-ogg-theora: a1e56fd34408186e4bbccfd4996cb3dc -> 
  custom:container-muxer-webm: aa71ff27fc2769a1b78a27578f13a17b -> 
  custom:container-demuxer-webm: 4f35f7cbe854078d1ac9338744f61a02 -> 
  custom:container-demuxer-ogg: 62fdf1f143b41e24485cea50d1cbac27 -> 
  custom:video-encoder-webm-vp8: eb34c28f22e8b96e1ab97ce403110664 -> 
  custom:video-decoder-webm-vp8: 9c59270c3fd7afecdb556c50c9e8de78 -> 
  custom:audio-decoder-ogg-vorbis: bf7c407c2cedff20999df2af8eb42d56 -> 
  custom:audio-encoder-webm-vorbis: bf7c407c2cedff20999df2af8eb42d56 -> 
========================================================================
Received Import Request.
  Time since last request: 6238.944841 seconds.
  path: Assets/texture/36774583-cute-tumblr-wallpapers.jpg
  artifactKey: Guid(b341ce8e60d377f41afef4f4ad3e451e) Importer(815301076,1909f56bfc062723c751e8b465ee728b)
Start importing Assets/texture/36774583-cute-tumblr-wallpapers.jpg using Guid(b341ce8e60d377f41afef4f4ad3e451e) Importer(815301076,1909f56bfc062723c751e8b465ee728b)  -> (artifact id: '3abc1398478a2741ef83aea9af26bf4a') in 0.064040 seconds 
  Import took 0.067545 seconds .

========================================================================
Received Import Request.
  Time since last request: 0.000267 seconds.
  path: Assets/texture/start screen.png
  artifactKey: Guid(a745c07af708e5b46b77fab7347f5efa) Importer(815301076,1909f56bfc062723c751e8b465ee728b)
Start importing Assets/texture/start screen.png using Guid(a745c07af708e5b46b77fab7347f5efa) Importer(815301076,1909f56bfc062723c751e8b465ee728b)  -> (artifact id: 'ee216c40a093b7c8f83518669b03c1c1') in 0.014024 seconds 
  Import took 0.017670 seconds .

========================================================================
Received Import Request.
  Time since last request: 0.000320 seconds.
  path: Assets/texture/95591751-waffle-seamless-pattern-waffle-or-ice-cream-cone-vector-illustration.jpg
  artifactKey: Guid(7acb476c75b757b4bbb2777e9e6c8b40) Importer(815301076,1909f56bfc062723c751e8b465ee728b)
Start importing Assets/texture/95591751-waffle-seamless-pattern-waffle-or-ice-cream-cone-vector-illustration.jpg using Guid(7acb476c75b757b4bbb2777e9e6c8b40) Importer(815301076,1909f56bfc062723c751e8b465ee728b)  -> (artifact id: '70487c64f1f08a7763fec19c2ab9e00f') in 0.025224 seconds 
  Import took 0.032892 seconds .

========================================================================
Received Import Request.
  Time since last request: 0.000544 seconds.
  path: Assets/texture/start screen2.png
  artifactKey: Guid(71aa424f083635c4d83f23f94b8a4598) Importer(815301076,1909f56bfc062723c751e8b465ee728b)
Start importing Assets/texture/start screen2.png using Guid(71aa424f083635c4d83f23f94b8a4598) Importer(815301076,1909f56bfc062723c751e8b465ee728b)  -> (artifact id: '6a39c2d317d367379ec0c12a66d4f9da') in 0.041960 seconds 
  Import took 0.051966 seconds .

========================================================================
Received Import Request.
  Time since last request: 0.000531 seconds.
  path: Assets/texture/end screen.png
  artifactKey: Guid(a12dbb40e6d921c4491930c759961b34) Importer(815301076,1909f56bfc062723c751e8b465ee728b)
Start importing Assets/texture/end screen.png using Guid(a12dbb40e6d921c4491930c759961b34) Importer(815301076,1909f56bfc062723c751e8b465ee728b)  -> (artifact id: '99c2822435d9ab8e813c1be433f8ce23') in 0.027701 seconds 
  Import took 0.034994 seconds .

========================================================================
Received Import Request.
  Time since last request: 0.000515 seconds.
  path: Assets/texture/start screen3.png
  artifactKey: Guid(794a88d8fbfa545419aa91c1efe39646) Importer(815301076,1909f56bfc062723c751e8b465ee728b)
Start importing Assets/texture/start screen3.png using Guid(794a88d8fbfa545419aa91c1efe39646) Importer(815301076,1909f56bfc062723c751e8b465ee728b)  -> (artifact id: '76266f3944f4c3101554ef16b1d27e4c') in 0.031264 seconds 
  Import took 0.038499 seconds .

========================================================================
Received Import Request.
  Time since last request: 0.000250 seconds.
  path: Assets/texture/CubeUVMap2.png
  artifactKey: Guid(4203c9eda9e4a9c40a2fcdba4061447c) Importer(815301076,1909f56bfc062723c751e8b465ee728b)
Start importing Assets/texture/CubeUVMap2.png using Guid(4203c9eda9e4a9c40a2fcdba4061447c) Importer(815301076,1909f56bfc062723c751e8b465ee728b)  -> (artifact id: 'd61c1cd7df34b8dcc10f1dc470ede9f1') in 0.025186 seconds 
  Import took 0.029395 seconds .

========================================================================
Received Import Request.
  Time since last request: 0.000258 seconds.
  path: Assets/texture/start screen4.png
  artifactKey: Guid(b6f4b5fca09294e408b991658fb4655b) Importer(815301076,1909f56bfc062723c751e8b465ee728b)
Start importing Assets/texture/start screen4.png using Guid(b6f4b5fca09294e408b991658fb4655b) Importer(815301076,1909f56bfc062723c751e8b465ee728b)  -> (artifact id: '856c5f8b48a53261f51789d45d570610') in 0.013543 seconds 
  Import took 0.016626 seconds .

========================================================================
Received Prepare
Refreshing native plugins compatible for Editor in 24.92 ms, found 2 plugins.
Preloading 0 native plugins for Editor in 0.00 ms.
Unloading 45 Unused Serialized files (Serialized files now loaded: 0)
System memory in use before: 44.3 MB.
System memory in use after: 44.5 MB.

Unloading 45 unused Assets to reduce memory usage. Loaded Objects now: 2394.
Total: 11.512200 ms (FindLiveObjects: 0.239800 ms CreateObjectMapping: 0.102800 ms MarkObjects: 11.126700 ms  DeleteObjects: 0.041200 ms)

AssetImportParameters requested are different than current active one (requested -> active):
  custom:framework-win-MediaFoundation: 216162199b28c13a410421893ffa2e32 -> 
  custom:video-decoder-ogg-theora: a1e56fd34408186e4bbccfd4996cb3dc -> 
  custom:container-muxer-webm: aa71ff27fc2769a1b78a27578f13a17b -> 
  custom:container-demuxer-webm: 4f35f7cbe854078d1ac9338744f61a02 -> 
  custom:container-demuxer-ogg: 62fdf1f143b41e24485cea50d1cbac27 -> 
  custom:video-encoder-webm-vp8: eb34c28f22e8b96e1ab97ce403110664 -> 
  custom:video-decoder-webm-vp8: 9c59270c3fd7afecdb556c50c9e8de78 -> 
  custom:audio-decoder-ogg-vorbis: bf7c407c2cedff20999df2af8eb42d56 -> 
  custom:audio-encoder-webm-vorbis: bf7c407c2cedff20999df2af8eb42d56 -> 
AssetImportWorkerClient::OnTransportError - code=2 error=End of file
